2025-09-02 22:50:48,237 - root - INFO - Starting Database Loader
2025-09-02 22:50:48,262 - root - INFO - Database diabetesDB already exists
2025-09-02 22:50:48,266 - root - INFO - Connected to MySQL database: diabetesDB
2025-09-02 22:50:48,323 - root - INFO - Created table: dim_demographics
2025-09-02 22:50:48,327 - root - INFO - Created table: dim_lifestyle
2025-09-02 22:50:48,330 - root - INFO - Created table: dim_medical_conditions
2025-09-02 22:50:48,334 - root - INFO - Created table: dim_healthcare_access
2025-09-02 22:50:48,342 - root - INFO - Created fact table: fact_health_records
2025-09-02 22:50:48,350 - root - INFO - Loaded CSV ../data/processed/dim_demographics.csv: 1128 rows
2025-09-02 22:50:48,361 - root - INFO - Loaded 1128 records into dim_demographics
2025-09-02 22:50:48,364 - root - INFO - Loaded CSV ../data/processed/dim_lifestyle.csv: 32 rows
2025-09-02 22:50:48,365 - root - INFO - Loaded 32 records into dim_lifestyle
2025-09-02 22:50:48,366 - root - INFO - Loaded CSV ../data/processed/dim_medical_conditions.csv: 64 rows
2025-09-02 22:50:48,368 - root - INFO - Loaded 64 records into dim_medical_conditions
2025-09-02 22:50:48,369 - root - INFO - Loaded CSV ../data/processed/dim_healthcare_access.csv: 4 rows
2025-09-02 22:50:48,370 - root - INFO - Loaded 4 records into dim_healthcare_access
2025-09-02 22:50:48,440 - root - INFO - Loaded CSV ../data/processed/fact_health_records.csv: 253680 rows
2025-09-02 22:50:51,860 - root - INFO - Loaded 253680 records into fact_health_records
2025-09-02 22:50:51,879 - root - INFO - Table dim_demographics: 1128 records
2025-09-02 22:50:51,879 - root - INFO - Table dim_lifestyle: 32 records
2025-09-02 22:50:51,879 - root - INFO - Table dim_medical_conditions: 64 records
2025-09-02 22:50:51,879 - root - INFO - Table dim_healthcare_access: 4 records
2025-09-02 22:50:51,884 - root - INFO - Table fact_health_records: 253680 records
2025-09-02 22:50:51,885 - root - INFO - Created view: vw_diabetes_summary
2025-09-02 22:50:51,886 - root - INFO - Created view: vw_demographics_analysis
2025-09-02 22:50:51,887 - root - INFO - Created view: vw_lifestyle_impact
2025-09-02 22:50:51,887 - root - INFO - MySQL connection closed
2025-09-02 22:50:51,887 - root - INFO - Database loader completed successfully
